<?xml version="1.0" encoding="UTF-8"?>
<testng-results ignored="0" total="1" passed="1" failed="0" skipped="0">
  <reporter-output>
  </reporter-output>
  <suite started-at="2024-08-03T15:41:34 IST" name="Suite" finished-at="2024-08-03T15:41:54 IST" duration-ms="19966">
    <groups>
    </groups>
    <test started-at="2024-08-03T15:41:34 IST" name="Test" finished-at="2024-08-03T15:41:54 IST" duration-ms="19966">
      <class name="com.qa.testscripts.TestCase1">
        <test-method is-config="true" signature="setUp(java.lang.String)[pri:0, instance:com.qa.testscripts.TestCase1@742ff096]" started-at="2024-08-03T15:41:34 IST" name="setUp" finished-at="2024-08-03T15:41:43 IST" duration-ms="8608" status="PASS">
          <params>
            <param index="0">
              <value>
                <![CDATA[https://www.fitpeo.com/]]>
              </value>
            </param>
          </params>
          <reporter-output>
          </reporter-output>
        </test-method> <!-- setUp -->
        <test-method signature="URL()[pri:0, instance:com.qa.testscripts.TestCase1@742ff096]" started-at="2024-08-03T15:41:43 IST" name="URL" finished-at="2024-08-03T15:41:53 IST" duration-ms="9968" status="PASS">
          <reporter-output>
          </reporter-output>
        </test-method> <!-- URL -->
        <test-method is-config="true" signature="TearDown()[pri:0, instance:com.qa.testscripts.TestCase1@742ff096]" started-at="2024-08-03T15:41:53 IST" name="TearDown" finished-at="2024-08-03T15:41:54 IST" duration-ms="1320" status="PASS">
          <reporter-output>
          </reporter-output>
        </test-method> <!-- TearDown -->
      </class> <!-- com.qa.testscripts.TestCase1 -->
    </test> <!-- Test -->
  </suite> <!-- Suite -->
</testng-results>
